[+] Containers:
 |- [+] Container: /Game/CollectionGame
 |   |- [+] ActorDescs:
 |   |   |- Guid:0126B43C425E4B7DB90199B9774B42DD BaseClass:/Game/CollectionMiniGame/BP_Collectible.BP_Collectible_C NativeClass:/Script/Engine.Actor Name:BP_Collectible_C_UAID_106FD91CEFF6E82102_1530612179 Label:BP_Collectible5 SpatiallyLoaded:1 Bounds:IsValid=true, Min=(X=1558.498 Y=1370.610 Z=-4.000), Max=(X=1602.498 Y=1414.610 Z=86.633) RuntimeGrid:None EditorOnly:0 RuntimeOnly:0 HLODRelevant:0 ListedInSceneOutliner:1 IsMainWorldOnly:0
 |   |   |- Guid:07BAB38E4C3BAA62242E42B77068F5D0 BaseClass: NativeClass:/Script/Engine.StaticMeshActor Name:StaticMeshActor_5 Label:SM_Cube2 SpatiallyLoaded:1 Bounds:IsValid=true, Min=(X=0.000 Y=0.000 Z=0.000), Max=(X=3000.000 Y=100.000 Z=400.000) RuntimeGrid:None EditorOnly:0 RuntimeOnly:0 HLODRelevant:1 ListedInSceneOutliner:1 IsMainWorldOnly:0 FolderPath:Playground FolderGuid:C73F09FC4215536B1DCE2A9E0A830C70
 |   |   |- Guid:0BA2F8CD4F3CE5F5E2AEC9B58D803A15 BaseClass:/Game/CollectionMiniGame/BP_Collectible.BP_Collectible_C NativeClass:/Script/Engine.Actor Name:BP_Collectible_C_UAID_106FD91CEFF6E82102_1513073177 Label:BP_Collectible3 SpatiallyLoaded:1 Bounds:IsValid=true, Min=(X=1843.082 Y=1251.678 Z=-4.000), Max=(X=1887.082 Y=1295.678 Z=86.633) RuntimeGrid:None EditorOnly:0 RuntimeOnly:0 HLODRelevant:0 ListedInSceneOutliner:1 IsMainWorldOnly:0
 |   |   |- Guid:0DEB492243C1AEBC81FDCB8917CE08EF BaseClass: NativeClass:/Script/Engine.VolumetricCloud Name:VolumetricCloud_0 Label:VolumetricCloud SpatiallyLoaded:0 Bounds:IsValid=true, Min=(X=0.000 Y=0.000 Z=820.000), Max=(X=0.000 Y=0.000 Z=820.000) RuntimeGrid:None EditorOnly:0 RuntimeOnly:0 HLODRelevant:0 ListedInSceneOutliner:1 IsMainWorldOnly:0 FolderPath:Lighting FolderGuid:963EC3EB4002CCE9759E2EBA541A873A
 |   |   |- Guid:0E8D889044F9ADFE1150B49654ACC4F6 BaseClass:/Game/CollectionMiniGame/BP_Collectible.BP_Collectible_C NativeClass:/Script/Engine.Actor Name:BP_Collectible_C_UAID_106FD91CEFF6E82102_1502506175 Label:BP_Collectible SpatiallyLoaded:1 Bounds:IsValid=true, Min=(X=1848.896 Y=1035.330 Z=-4.000), Max=(X=1892.896 Y=1079.330 Z=86.633) RuntimeGrid:None EditorOnly:0 RuntimeOnly:0 HLODRelevant:0 ListedInSceneOutliner:1 IsMainWorldOnly:0
 |   |   |- Guid:26DF9AD5471D76C04BD2FDBE73D96EA3 BaseClass:/Game/CollectionMiniGame/BP_Teleporter.BP_Teleporter_C NativeClass:/Script/Engine.Actor Name:BP_Teleporter_C_UAID_106FD91CEFF6ED2102_1414664065 Label:BP_Teleporter2 SpatiallyLoaded:1 Bounds:IsValid=true, Min=(X=1339.662 Y=2294.569 Z=-4.000), Max=(X=1383.662 Y=2338.569 Z=84.000) RuntimeGrid:None EditorOnly:0 RuntimeOnly:0 HLODRelevant:0 ListedInSceneOutliner:1 IsMainWorldOnly:0
 |   |   |- Guid:28F6501C4FEA071CB44740BC688E39D8 BaseClass: NativeClass:/Script/Engine.SkyLight Name:SkyLight_1 Label:SkyLight SpatiallyLoaded:0 Bounds:IsValid=true, Min=(X=0.000 Y=0.000 Z=690.000), Max=(X=0.000 Y=0.000 Z=690.000) RuntimeGrid:None EditorOnly:0 RuntimeOnly:0 HLODRelevant:0 ListedInSceneOutliner:1 IsMainWorldOnly:0 FolderPath:Lighting FolderGuid:963EC3EB4002CCE9759E2EBA541A873A
 |   |   |- Guid:2B2705E64FD8F9B9AE9C209FAD1769F4 BaseClass: NativeClass:/Script/Engine.DirectionalLight Name:DirectionalLight_0 Label:DirectionalLight SpatiallyLoaded:0 Bounds:Invalid RuntimeGrid:None EditorOnly:0 RuntimeOnly:0 HLODRelevant:0 ListedInSceneOutliner:1 IsMainWorldOnly:0 FolderPath:Lighting FolderGuid:963EC3EB4002CCE9759E2EBA541A873A
 |   |   |- Guid:39FE25A44DEBB3335E45C9AF53098001 BaseClass: NativeClass:/Script/Engine.WorldDataLayers Name:WorldDataLayers Label:WorldDataLayers SpatiallyLoaded:0 Bounds:Invalid RuntimeGrid:None EditorOnly:0 RuntimeOnly:0 HLODRelevant:0 ListedInSceneOutliner:1 IsMainWorldOnly:1
 |   |   |- Guid:3B63B5004D4911523E14E48A48BFB993 BaseClass: NativeClass:/Script/Engine.StaticMeshActor Name:StaticMeshActor_6 Label:SM_Cube3 SpatiallyLoaded:1 Bounds:IsValid=true, Min=(X=0.000 Y=3400.000 Z=0.000), Max=(X=3000.000 Y=3500.000 Z=400.000) RuntimeGrid:None EditorOnly:0 RuntimeOnly:0 HLODRelevant:1 ListedInSceneOutliner:1 IsMainWorldOnly:0 FolderPath:Playground FolderGuid:C73F09FC4215536B1DCE2A9E0A830C70
 |   |   |- Guid:40A084324063C686ACEBB385CE5EC351 BaseClass:/Game/CollectionMiniGame/BP_Collectible.BP_Collectible_C NativeClass:/Script/Engine.Actor Name:BP_Collectible_C_UAID_106FD91CEFF6E82102_1509420176 Label:BP_Collectible2 SpatiallyLoaded:1 Bounds:IsValid=true, Min=(X=1843.082 Y=1470.145 Z=-4.000), Max=(X=1887.082 Y=1514.145 Z=86.633) RuntimeGrid:None EditorOnly:0 RuntimeOnly:0 HLODRelevant:0 ListedInSceneOutliner:1 IsMainWorldOnly:0
 |   |   |- Guid:44F74BB64A440E005C5F57A21D469BC5 BaseClass:/Game/CollectionMiniGame/BP_TimeOrb.BP_TimeOrb_C NativeClass:/Script/Engine.Actor Name:BP_TimeOrb_C_UAID_106FD91CEFF6ED2102_1398010061 Label:BP_TimeOrb SpatiallyLoaded:1 Bounds:IsValid=true, Min=(X=1671.644 Y=1940.735 Z=-4.000), Max=(X=1740.843 Y=2010.735 Z=84.000) RuntimeGrid:None EditorOnly:0 RuntimeOnly:0 HLODRelevant:0 ListedInSceneOutliner:1 IsMainWorldOnly:0
 |   |   |- Guid:585B3A714FE17D96BCB7D889F7304A66 BaseClass: NativeClass:/Script/Engine.StaticMeshActor Name:StaticMeshActor_UAID_A4AE111137DC5EFB00_1110535423 Label:SM_SkySphere SpatiallyLoaded:0 Bounds:IsValid=true, Min=(X=-1638400.000 Y=-1638400.000 Z=-1638400.000), Max=(X=1638400.000 Y=1638400.000 Z=1638400.000) RuntimeGrid:None EditorOnly:0 RuntimeOnly:0 HLODRelevant:0 ListedInSceneOutliner:1 IsMainWorldOnly:0 FolderPath:Lighting FolderGuid:963EC3EB4002CCE9759E2EBA541A873A
 |   |   |- Guid:59DC8FC34FBB1E5B172B4A9D6FE06305 BaseClass:/Game/CollectionMiniGame/BP_TimeOrb.BP_TimeOrb_C NativeClass:/Script/Engine.Actor Name:BP_TimeOrb_C_UAID_106FD91CEFF6ED2102_1410274064 Label:BP_TimeOrb3 SpatiallyLoaded:1 Bounds:IsValid=true, Min=(X=1345.166 Y=1584.205 Z=-4.000), Max=(X=1414.365 Y=1654.205 Z=84.000) RuntimeGrid:None EditorOnly:0 RuntimeOnly:0 HLODRelevant:0 ListedInSceneOutliner:1 IsMainWorldOnly:0
 |   |   |- Guid:6303902D4A7BF8EEC4598EAA733AB289 BaseClass: NativeClass:/Script/Engine.PlayerStart Name:PlayerStart_0 Label:PlayerStart SpatiallyLoaded:0 Bounds:IsValid=true, Min=(X=860.000 Y=1070.000 Z=0.013), Max=(X=940.000 Y=1150.000 Z=184.013) RuntimeGrid:None EditorOnly:0 RuntimeOnly:0 HLODRelevant:0 ListedInSceneOutliner:1 IsMainWorldOnly:0
 |   |   |- Guid:66B2D2464E60F24BC7C4F3B6478D1493 BaseClass: NativeClass:/Script/Engine.ExponentialHeightFog Name:ExponentialHeightFog_0 Label:ExponentialHeightFog SpatiallyLoaded:0 Bounds:IsValid=true, Min=(X=-5600.000 Y=-50.000 Z=-6850.000), Max=(X=-5600.000 Y=-50.000 Z=-6850.000) RuntimeGrid:None EditorOnly:0 RuntimeOnly:0 HLODRelevant:0 ListedInSceneOutliner:1 IsMainWorldOnly:0 FolderPath:Lighting FolderGuid:963EC3EB4002CCE9759E2EBA541A873A
 |   |   |- Guid:749CDA684E85FB460F24079D392E8C3A BaseClass:/Game/CollectionMiniGame/BP_Collectible.BP_Collectible_C NativeClass:/Script/Engine.Actor Name:BP_Collectible_C_UAID_106FD91CEFF6E82102_1536445180 Label:BP_Collectible6 SpatiallyLoaded:1 Bounds:IsValid=true, Min=(X=1348.919 Y=1267.580 Z=-4.000), Max=(X=1392.919 Y=1311.580 Z=86.633) RuntimeGrid:None EditorOnly:0 RuntimeOnly:0 HLODRelevant:0 ListedInSceneOutliner:1 IsMainWorldOnly:0
 |   |   |- Guid:8A0BA5054044C824346F8BBE0734488F BaseClass:/Game/CollectionMiniGame/BP_Teleporter.BP_Teleporter_C NativeClass:/Script/Engine.Actor Name:BP_Teleporter_C_UAID_106FD91CEFF6ED2102_1423383068 Label:BP_Teleporter5 SpatiallyLoaded:1 Bounds:IsValid=true, Min=(X=2077.788 Y=2284.394 Z=-4.000), Max=(X=2121.788 Y=2328.394 Z=84.000) RuntimeGrid:None EditorOnly:0 RuntimeOnly:0 HLODRelevant:0 ListedInSceneOutliner:1 IsMainWorldOnly:0
 |   |   |- Guid:95F79F284F309525F8687B81120746BB BaseClass:/Game/CollectionMiniGame/BP_TimeOrb.BP_TimeOrb_C NativeClass:/Script/Engine.Actor Name:BP_TimeOrb_C_UAID_106FD91CEFF6ED2102_1403397063 Label:BP_TimeOrb2 SpatiallyLoaded:1 Bounds:IsValid=true, Min=(X=1017.634 Y=1921.479 Z=-4.000), Max=(X=1086.833 Y=1991.479 Z=84.000) RuntimeGrid:None EditorOnly:0 RuntimeOnly:0 HLODRelevant:0 ListedInSceneOutliner:1 IsMainWorldOnly:0
 |   |   |- Guid:A4C8274B4D5335D15C56E8A80B6C91CF BaseClass: NativeClass:/Script/Engine.StaticMeshActor Name:StaticMeshActor_1 Label:SM_Cube SpatiallyLoaded:1 Bounds:IsValid=true, Min=(X=0.000 Y=0.000 Z=-50.000), Max=(X=3000.000 Y=3500.000 Z=0.000) RuntimeGrid:None EditorOnly:0 RuntimeOnly:0 HLODRelevant:1 ListedInSceneOutliner:1 IsMainWorldOnly:0 FolderPath:Playground FolderGuid:C73F09FC4215536B1DCE2A9E0A830C70
 |   |   |- Guid:A6FBDC0642BC0705DAE7D392658AD712 BaseClass: NativeClass:/Script/Engine.StaticMeshActor Name:StaticMeshActor_4 Label:SM_Cube6 SpatiallyLoaded:1 Bounds:IsValid=true, Min=(X=2900.000 Y=100.000 Z=0.000), Max=(X=3000.000 Y=3400.000 Z=400.000) RuntimeGrid:None EditorOnly:0 RuntimeOnly:0 HLODRelevant:1 ListedInSceneOutliner:1 IsMainWorldOnly:0 FolderPath:Playground FolderGuid:C73F09FC4215536B1DCE2A9E0A830C70
 |   |   |- Guid:AF29F4D443AD214EC0A79BBCE03CFE2F BaseClass:/Game/CollectionMiniGame/BP_Teleporter.BP_Teleporter_C NativeClass:/Script/Engine.Actor Name:BP_Teleporter_C_UAID_106FD91CEFF6ED2102_1419604067 Label:BP_Teleporter4 SpatiallyLoaded:1 Bounds:IsValid=true, Min=(X=993.541 Y=1585.831 Z=-4.000), Max=(X=1037.541 Y=1629.831 Z=84.000) RuntimeGrid:None EditorOnly:0 RuntimeOnly:0 HLODRelevant:0 ListedInSceneOutliner:1 IsMainWorldOnly:0
 |   |   |- Guid:B7184E284423BB223C9D96934141AAFC BaseClass:/Game/CollectionMiniGame/BP_Collectible.BP_Collectible_C NativeClass:/Script/Engine.Actor Name:BP_Collectible_C_UAID_106FD91CEFF6E82102_1518712178 Label:BP_Collectible4 SpatiallyLoaded:1 Bounds:IsValid=true, Min=(X=1558.498 Y=1149.771 Z=-4.000), Max=(X=1602.498 Y=1193.771 Z=86.633) RuntimeGrid:None EditorOnly:0 RuntimeOnly:0 HLODRelevant:0 ListedInSceneOutliner:1 IsMainWorldOnly:0
 |   |   |- Guid:B9990C554490C70760BC58B4D8204097 BaseClass: NativeClass:/Script/Engine.PostProcessVolume Name:PostProcessVolume_0 Label:PostProcessVolume SpatiallyLoaded:0 Bounds:IsValid=true, Min=(X=0.000 Y=0.000 Z=400.000), Max=(X=200.000 Y=200.000 Z=600.000) RuntimeGrid:None EditorOnly:0 RuntimeOnly:0 HLODRelevant:0 ListedInSceneOutliner:1 IsMainWorldOnly:0 FolderPath:Lighting FolderGuid:963EC3EB4002CCE9759E2EBA541A873A
 |   |   |- Guid:C83DE76D421B83A7A8AE539323BAE494 BaseClass: NativeClass:/Script/Engine.TextRenderActor Name:TextRenderActor_1 Label:TextRenderActor SpatiallyLoaded:1 Bounds:IsValid=true, Min=(X=-0.100 Y=1100.000 Z=65.013), Max=(X=-0.100 Y=2392.308 Z=215.013) RuntimeGrid:None EditorOnly:0 RuntimeOnly:0 HLODRelevant:0 ListedInSceneOutliner:1 IsMainWorldOnly:0
 |   |   |- Guid:CAA33D5E4BF9AE6337DB4F9E0569AF46 BaseClass:/Game/CollectionMiniGame/BP_Teleporter.BP_Teleporter_C NativeClass:/Script/Engine.Actor Name:BP_Teleporter_C_UAID_106FD91CEFF6ED2102_1416748066 Label:BP_Teleporter3 SpatiallyLoaded:1 Bounds:IsValid=true, Min=(X=1883.899 Y=1692.031 Z=-4.000), Max=(X=1927.899 Y=1736.031 Z=84.000) RuntimeGrid:None EditorOnly:0 RuntimeOnly:0 HLODRelevant:0 ListedInSceneOutliner:1 IsMainWorldOnly:0
 |   |   |- Guid:DD2205774F05AC7267607389552BC11D BaseClass: NativeClass:/Script/Engine.SkyAtmosphere Name:SkyAtmosphere_0 Label:SkyAtmosphere SpatiallyLoaded:0 Bounds:IsValid=true, Min=(X=0.000 Y=0.000 Z=1020.000), Max=(X=0.000 Y=0.000 Z=1020.000) RuntimeGrid:None EditorOnly:0 RuntimeOnly:0 HLODRelevant:0 ListedInSceneOutliner:1 IsMainWorldOnly:0 FolderPath:Lighting FolderGuid:963EC3EB4002CCE9759E2EBA541A873A
 |   |   |- Guid:DEE9415E4F5D7FBFD556D9B05E856959 BaseClass: NativeClass:/Script/Engine.StaticMeshActor Name:StaticMeshActor_0 Label:SM_Cube5 SpatiallyLoaded:1 Bounds:IsValid=true, Min=(X=-0.000 Y=100.000 Z=0.000), Max=(X=100.000 Y=3400.000 Z=400.000) RuntimeGrid:None EditorOnly:0 RuntimeOnly:0 HLODRelevant:1 ListedInSceneOutliner:1 IsMainWorldOnly:0 FolderPath:Playground FolderGuid:C73F09FC4215536B1DCE2A9E0A830C70
 |   |   |- Guid:F43A49EF4F7860094564D6A6F5BC05FF BaseClass:/Game/CollectionMiniGame/BP_Teleporter.BP_Teleporter_C NativeClass:/Script/Engine.Actor Name:BP_Teleporter_C_UAID_106FD91CEFF6ED2102_1401093062 Label:BP_Teleporter SpatiallyLoaded:1 Bounds:IsValid=true, Min=(X=1355.765 Y=1950.722 Z=-4.000), Max=(X=1399.765 Y=1994.722 Z=84.000) RuntimeGrid:None EditorOnly:0 RuntimeOnly:0 HLODRelevant:0 ListedInSceneOutliner:1 IsMainWorldOnly:0
 |   |- [+] Clusters:
 |   |   |- [+] [  0]
 |   |   |   |- Guid:0126B43C425E4B7DB90199B9774B42DD BaseClass:/Game/CollectionMiniGame/BP_Collectible.BP_Collectible_C NativeClass:/Script/Engine.Actor Name:BP_Collectible_C_UAID_106FD91CEFF6E82102_1530612179 Label:BP_Collectible5 SpatiallyLoaded:1 Bounds:IsValid=true, Min=(X=1558.498 Y=1370.610 Z=-4.000), Max=(X=1602.498 Y=1414.610 Z=86.633) RuntimeGrid:None EditorOnly:0 RuntimeOnly:0 HLODRelevant:0 ListedInSceneOutliner:1 IsMainWorldOnly:0
 |   |   |- [+] [  1]
 |   |   |   |- Guid:07BAB38E4C3BAA62242E42B77068F5D0 BaseClass: NativeClass:/Script/Engine.StaticMeshActor Name:StaticMeshActor_5 Label:SM_Cube2 SpatiallyLoaded:1 Bounds:IsValid=true, Min=(X=0.000 Y=0.000 Z=0.000), Max=(X=3000.000 Y=100.000 Z=400.000) RuntimeGrid:None EditorOnly:0 RuntimeOnly:0 HLODRelevant:1 ListedInSceneOutliner:1 IsMainWorldOnly:0 FolderPath:Playground FolderGuid:C73F09FC4215536B1DCE2A9E0A830C70
 |   |   |- [+] [  2]
 |   |   |   |- Guid:0BA2F8CD4F3CE5F5E2AEC9B58D803A15 BaseClass:/Game/CollectionMiniGame/BP_Collectible.BP_Collectible_C NativeClass:/Script/Engine.Actor Name:BP_Collectible_C_UAID_106FD91CEFF6E82102_1513073177 Label:BP_Collectible3 SpatiallyLoaded:1 Bounds:IsValid=true, Min=(X=1843.082 Y=1251.678 Z=-4.000), Max=(X=1887.082 Y=1295.678 Z=86.633) RuntimeGrid:None EditorOnly:0 RuntimeOnly:0 HLODRelevant:0 ListedInSceneOutliner:1 IsMainWorldOnly:0
 |   |   |- [+] [  3]
 |   |   |   |- Guid:0DEB492243C1AEBC81FDCB8917CE08EF BaseClass: NativeClass:/Script/Engine.VolumetricCloud Name:VolumetricCloud_0 Label:VolumetricCloud SpatiallyLoaded:0 Bounds:IsValid=true, Min=(X=0.000 Y=0.000 Z=820.000), Max=(X=0.000 Y=0.000 Z=820.000) RuntimeGrid:None EditorOnly:0 RuntimeOnly:0 HLODRelevant:0 ListedInSceneOutliner:1 IsMainWorldOnly:0 FolderPath:Lighting FolderGuid:963EC3EB4002CCE9759E2EBA541A873A
 |   |   |- [+] [  4]
 |   |   |   |- Guid:0E8D889044F9ADFE1150B49654ACC4F6 BaseClass:/Game/CollectionMiniGame/BP_Collectible.BP_Collectible_C NativeClass:/Script/Engine.Actor Name:BP_Collectible_C_UAID_106FD91CEFF6E82102_1502506175 Label:BP_Collectible SpatiallyLoaded:1 Bounds:IsValid=true, Min=(X=1848.896 Y=1035.330 Z=-4.000), Max=(X=1892.896 Y=1079.330 Z=86.633) RuntimeGrid:None EditorOnly:0 RuntimeOnly:0 HLODRelevant:0 ListedInSceneOutliner:1 IsMainWorldOnly:0
 |   |   |- [+] [  5]
 |   |   |   |- Guid:26DF9AD5471D76C04BD2FDBE73D96EA3 BaseClass:/Game/CollectionMiniGame/BP_Teleporter.BP_Teleporter_C NativeClass:/Script/Engine.Actor Name:BP_Teleporter_C_UAID_106FD91CEFF6ED2102_1414664065 Label:BP_Teleporter2 SpatiallyLoaded:1 Bounds:IsValid=true, Min=(X=1339.662 Y=2294.569 Z=-4.000), Max=(X=1383.662 Y=2338.569 Z=84.000) RuntimeGrid:None EditorOnly:0 RuntimeOnly:0 HLODRelevant:0 ListedInSceneOutliner:1 IsMainWorldOnly:0
 |   |   |- [+] [  6]
 |   |   |   |- Guid:28F6501C4FEA071CB44740BC688E39D8 BaseClass: NativeClass:/Script/Engine.SkyLight Name:SkyLight_1 Label:SkyLight SpatiallyLoaded:0 Bounds:IsValid=true, Min=(X=0.000 Y=0.000 Z=690.000), Max=(X=0.000 Y=0.000 Z=690.000) RuntimeGrid:None EditorOnly:0 RuntimeOnly:0 HLODRelevant:0 ListedInSceneOutliner:1 IsMainWorldOnly:0 FolderPath:Lighting FolderGuid:963EC3EB4002CCE9759E2EBA541A873A
 |   |   |- [+] [  7]
 |   |   |   |- Guid:2B2705E64FD8F9B9AE9C209FAD1769F4 BaseClass: NativeClass:/Script/Engine.DirectionalLight Name:DirectionalLight_0 Label:DirectionalLight SpatiallyLoaded:0 Bounds:Invalid RuntimeGrid:None EditorOnly:0 RuntimeOnly:0 HLODRelevant:0 ListedInSceneOutliner:1 IsMainWorldOnly:0 FolderPath:Lighting FolderGuid:963EC3EB4002CCE9759E2EBA541A873A
 |   |   |- [+] [  8]
 |   |   |   |- Guid:39FE25A44DEBB3335E45C9AF53098001 BaseClass: NativeClass:/Script/Engine.WorldDataLayers Name:WorldDataLayers Label:WorldDataLayers SpatiallyLoaded:0 Bounds:Invalid RuntimeGrid:None EditorOnly:0 RuntimeOnly:0 HLODRelevant:0 ListedInSceneOutliner:1 IsMainWorldOnly:1
 |   |   |- [+] [  9]
 |   |   |   |- Guid:3B63B5004D4911523E14E48A48BFB993 BaseClass: NativeClass:/Script/Engine.StaticMeshActor Name:StaticMeshActor_6 Label:SM_Cube3 SpatiallyLoaded:1 Bounds:IsValid=true, Min=(X=0.000 Y=3400.000 Z=0.000), Max=(X=3000.000 Y=3500.000 Z=400.000) RuntimeGrid:None EditorOnly:0 RuntimeOnly:0 HLODRelevant:1 ListedInSceneOutliner:1 IsMainWorldOnly:0 FolderPath:Playground FolderGuid:C73F09FC4215536B1DCE2A9E0A830C70
 |   |   |- [+] [ 10]
 |   |   |   |- Guid:40A084324063C686ACEBB385CE5EC351 BaseClass:/Game/CollectionMiniGame/BP_Collectible.BP_Collectible_C NativeClass:/Script/Engine.Actor Name:BP_Collectible_C_UAID_106FD91CEFF6E82102_1509420176 Label:BP_Collectible2 SpatiallyLoaded:1 Bounds:IsValid=true, Min=(X=1843.082 Y=1470.145 Z=-4.000), Max=(X=1887.082 Y=1514.145 Z=86.633) RuntimeGrid:None EditorOnly:0 RuntimeOnly:0 HLODRelevant:0 ListedInSceneOutliner:1 IsMainWorldOnly:0
 |   |   |- [+] [ 11]
 |   |   |   |- Guid:44F74BB64A440E005C5F57A21D469BC5 BaseClass:/Game/CollectionMiniGame/BP_TimeOrb.BP_TimeOrb_C NativeClass:/Script/Engine.Actor Name:BP_TimeOrb_C_UAID_106FD91CEFF6ED2102_1398010061 Label:BP_TimeOrb SpatiallyLoaded:1 Bounds:IsValid=true, Min=(X=1671.644 Y=1940.735 Z=-4.000), Max=(X=1740.843 Y=2010.735 Z=84.000) RuntimeGrid:None EditorOnly:0 RuntimeOnly:0 HLODRelevant:0 ListedInSceneOutliner:1 IsMainWorldOnly:0
 |   |   |- [+] [ 12]
 |   |   |   |- Guid:585B3A714FE17D96BCB7D889F7304A66 BaseClass: NativeClass:/Script/Engine.StaticMeshActor Name:StaticMeshActor_UAID_A4AE111137DC5EFB00_1110535423 Label:SM_SkySphere SpatiallyLoaded:0 Bounds:IsValid=true, Min=(X=-1638400.000 Y=-1638400.000 Z=-1638400.000), Max=(X=1638400.000 Y=1638400.000 Z=1638400.000) RuntimeGrid:None EditorOnly:0 RuntimeOnly:0 HLODRelevant:0 ListedInSceneOutliner:1 IsMainWorldOnly:0 FolderPath:Lighting FolderGuid:963EC3EB4002CCE9759E2EBA541A873A
 |   |   |- [+] [ 13]
 |   |   |   |- Guid:59DC8FC34FBB1E5B172B4A9D6FE06305 BaseClass:/Game/CollectionMiniGame/BP_TimeOrb.BP_TimeOrb_C NativeClass:/Script/Engine.Actor Name:BP_TimeOrb_C_UAID_106FD91CEFF6ED2102_1410274064 Label:BP_TimeOrb3 SpatiallyLoaded:1 Bounds:IsValid=true, Min=(X=1345.166 Y=1584.205 Z=-4.000), Max=(X=1414.365 Y=1654.205 Z=84.000) RuntimeGrid:None EditorOnly:0 RuntimeOnly:0 HLODRelevant:0 ListedInSceneOutliner:1 IsMainWorldOnly:0
 |   |   |- [+] [ 14]
 |   |   |   |- Guid:6303902D4A7BF8EEC4598EAA733AB289 BaseClass: NativeClass:/Script/Engine.PlayerStart Name:PlayerStart_0 Label:PlayerStart SpatiallyLoaded:0 Bounds:IsValid=true, Min=(X=860.000 Y=1070.000 Z=0.013), Max=(X=940.000 Y=1150.000 Z=184.013) RuntimeGrid:None EditorOnly:0 RuntimeOnly:0 HLODRelevant:0 ListedInSceneOutliner:1 IsMainWorldOnly:0
 |   |   |- [+] [ 15]
 |   |   |   |- Guid:66B2D2464E60F24BC7C4F3B6478D1493 BaseClass: NativeClass:/Script/Engine.ExponentialHeightFog Name:ExponentialHeightFog_0 Label:ExponentialHeightFog SpatiallyLoaded:0 Bounds:IsValid=true, Min=(X=-5600.000 Y=-50.000 Z=-6850.000), Max=(X=-5600.000 Y=-50.000 Z=-6850.000) RuntimeGrid:None EditorOnly:0 RuntimeOnly:0 HLODRelevant:0 ListedInSceneOutliner:1 IsMainWorldOnly:0 FolderPath:Lighting FolderGuid:963EC3EB4002CCE9759E2EBA541A873A
 |   |   |- [+] [ 16]
 |   |   |   |- Guid:749CDA684E85FB460F24079D392E8C3A BaseClass:/Game/CollectionMiniGame/BP_Collectible.BP_Collectible_C NativeClass:/Script/Engine.Actor Name:BP_Collectible_C_UAID_106FD91CEFF6E82102_1536445180 Label:BP_Collectible6 SpatiallyLoaded:1 Bounds:IsValid=true, Min=(X=1348.919 Y=1267.580 Z=-4.000), Max=(X=1392.919 Y=1311.580 Z=86.633) RuntimeGrid:None EditorOnly:0 RuntimeOnly:0 HLODRelevant:0 ListedInSceneOutliner:1 IsMainWorldOnly:0
 |   |   |- [+] [ 17]
 |   |   |   |- Guid:8A0BA5054044C824346F8BBE0734488F BaseClass:/Game/CollectionMiniGame/BP_Teleporter.BP_Teleporter_C NativeClass:/Script/Engine.Actor Name:BP_Teleporter_C_UAID_106FD91CEFF6ED2102_1423383068 Label:BP_Teleporter5 SpatiallyLoaded:1 Bounds:IsValid=true, Min=(X=2077.788 Y=2284.394 Z=-4.000), Max=(X=2121.788 Y=2328.394 Z=84.000) RuntimeGrid:None EditorOnly:0 RuntimeOnly:0 HLODRelevant:0 ListedInSceneOutliner:1 IsMainWorldOnly:0
 |   |   |- [+] [ 18]
 |   |   |   |- Guid:95F79F284F309525F8687B81120746BB BaseClass:/Game/CollectionMiniGame/BP_TimeOrb.BP_TimeOrb_C NativeClass:/Script/Engine.Actor Name:BP_TimeOrb_C_UAID_106FD91CEFF6ED2102_1403397063 Label:BP_TimeOrb2 SpatiallyLoaded:1 Bounds:IsValid=true, Min=(X=1017.634 Y=1921.479 Z=-4.000), Max=(X=1086.833 Y=1991.479 Z=84.000) RuntimeGrid:None EditorOnly:0 RuntimeOnly:0 HLODRelevant:0 ListedInSceneOutliner:1 IsMainWorldOnly:0
 |   |   |- [+] [ 19]
 |   |   |   |- Guid:A4C8274B4D5335D15C56E8A80B6C91CF BaseClass: NativeClass:/Script/Engine.StaticMeshActor Name:StaticMeshActor_1 Label:SM_Cube SpatiallyLoaded:1 Bounds:IsValid=true, Min=(X=0.000 Y=0.000 Z=-50.000), Max=(X=3000.000 Y=3500.000 Z=0.000) RuntimeGrid:None EditorOnly:0 RuntimeOnly:0 HLODRelevant:1 ListedInSceneOutliner:1 IsMainWorldOnly:0 FolderPath:Playground FolderGuid:C73F09FC4215536B1DCE2A9E0A830C70
 |   |   |- [+] [ 20]
 |   |   |   |- Guid:A6FBDC0642BC0705DAE7D392658AD712 BaseClass: NativeClass:/Script/Engine.StaticMeshActor Name:StaticMeshActor_4 Label:SM_Cube6 SpatiallyLoaded:1 Bounds:IsValid=true, Min=(X=2900.000 Y=100.000 Z=0.000), Max=(X=3000.000 Y=3400.000 Z=400.000) RuntimeGrid:None EditorOnly:0 RuntimeOnly:0 HLODRelevant:1 ListedInSceneOutliner:1 IsMainWorldOnly:0 FolderPath:Playground FolderGuid:C73F09FC4215536B1DCE2A9E0A830C70
 |   |   |- [+] [ 21]
 |   |   |   |- Guid:AF29F4D443AD214EC0A79BBCE03CFE2F BaseClass:/Game/CollectionMiniGame/BP_Teleporter.BP_Teleporter_C NativeClass:/Script/Engine.Actor Name:BP_Teleporter_C_UAID_106FD91CEFF6ED2102_1419604067 Label:BP_Teleporter4 SpatiallyLoaded:1 Bounds:IsValid=true, Min=(X=993.541 Y=1585.831 Z=-4.000), Max=(X=1037.541 Y=1629.831 Z=84.000) RuntimeGrid:None EditorOnly:0 RuntimeOnly:0 HLODRelevant:0 ListedInSceneOutliner:1 IsMainWorldOnly:0
 |   |   |- [+] [ 22]
 |   |   |   |- Guid:B7184E284423BB223C9D96934141AAFC BaseClass:/Game/CollectionMiniGame/BP_Collectible.BP_Collectible_C NativeClass:/Script/Engine.Actor Name:BP_Collectible_C_UAID_106FD91CEFF6E82102_1518712178 Label:BP_Collectible4 SpatiallyLoaded:1 Bounds:IsValid=true, Min=(X=1558.498 Y=1149.771 Z=-4.000), Max=(X=1602.498 Y=1193.771 Z=86.633) RuntimeGrid:None EditorOnly:0 RuntimeOnly:0 HLODRelevant:0 ListedInSceneOutliner:1 IsMainWorldOnly:0
 |   |   |- [+] [ 23]
 |   |   |   |- Guid:B9990C554490C70760BC58B4D8204097 BaseClass: NativeClass:/Script/Engine.PostProcessVolume Name:PostProcessVolume_0 Label:PostProcessVolume SpatiallyLoaded:0 Bounds:IsValid=true, Min=(X=0.000 Y=0.000 Z=400.000), Max=(X=200.000 Y=200.000 Z=600.000) RuntimeGrid:None EditorOnly:0 RuntimeOnly:0 HLODRelevant:0 ListedInSceneOutliner:1 IsMainWorldOnly:0 FolderPath:Lighting FolderGuid:963EC3EB4002CCE9759E2EBA541A873A
 |   |   |- [+] [ 24]
 |   |   |   |- Guid:C83DE76D421B83A7A8AE539323BAE494 BaseClass: NativeClass:/Script/Engine.TextRenderActor Name:TextRenderActor_1 Label:TextRenderActor SpatiallyLoaded:1 Bounds:IsValid=true, Min=(X=-0.100 Y=1100.000 Z=65.013), Max=(X=-0.100 Y=2392.308 Z=215.013) RuntimeGrid:None EditorOnly:0 RuntimeOnly:0 HLODRelevant:0 ListedInSceneOutliner:1 IsMainWorldOnly:0
 |   |   |- [+] [ 25]
 |   |   |   |- Guid:CAA33D5E4BF9AE6337DB4F9E0569AF46 BaseClass:/Game/CollectionMiniGame/BP_Teleporter.BP_Teleporter_C NativeClass:/Script/Engine.Actor Name:BP_Teleporter_C_UAID_106FD91CEFF6ED2102_1416748066 Label:BP_Teleporter3 SpatiallyLoaded:1 Bounds:IsValid=true, Min=(X=1883.899 Y=1692.031 Z=-4.000), Max=(X=1927.899 Y=1736.031 Z=84.000) RuntimeGrid:None EditorOnly:0 RuntimeOnly:0 HLODRelevant:0 ListedInSceneOutliner:1 IsMainWorldOnly:0
 |   |   |- [+] [ 26]
 |   |   |   |- Guid:DD2205774F05AC7267607389552BC11D BaseClass: NativeClass:/Script/Engine.SkyAtmosphere Name:SkyAtmosphere_0 Label:SkyAtmosphere SpatiallyLoaded:0 Bounds:IsValid=true, Min=(X=0.000 Y=0.000 Z=1020.000), Max=(X=0.000 Y=0.000 Z=1020.000) RuntimeGrid:None EditorOnly:0 RuntimeOnly:0 HLODRelevant:0 ListedInSceneOutliner:1 IsMainWorldOnly:0 FolderPath:Lighting FolderGuid:963EC3EB4002CCE9759E2EBA541A873A
 |   |   |- [+] [ 27]
 |   |   |   |- Guid:DEE9415E4F5D7FBFD556D9B05E856959 BaseClass: NativeClass:/Script/Engine.StaticMeshActor Name:StaticMeshActor_0 Label:SM_Cube5 SpatiallyLoaded:1 Bounds:IsValid=true, Min=(X=-0.000 Y=100.000 Z=0.000), Max=(X=100.000 Y=3400.000 Z=400.000) RuntimeGrid:None EditorOnly:0 RuntimeOnly:0 HLODRelevant:1 ListedInSceneOutliner:1 IsMainWorldOnly:0 FolderPath:Playground FolderGuid:C73F09FC4215536B1DCE2A9E0A830C70
 |   |   |- [+] [ 28]
 |   |   |   |- Guid:F43A49EF4F7860094564D6A6F5BC05FF BaseClass:/Game/CollectionMiniGame/BP_Teleporter.BP_Teleporter_C NativeClass:/Script/Engine.Actor Name:BP_Teleporter_C_UAID_106FD91CEFF6ED2102_1401093062 Label:BP_Teleporter SpatiallyLoaded:1 Bounds:IsValid=true, Min=(X=1355.765 Y=1950.722 Z=-4.000), Max=(X=1399.765 Y=1994.722 Z=84.000) RuntimeGrid:None EditorOnly:0 RuntimeOnly:0 HLODRelevant:0 ListedInSceneOutliner:1 IsMainWorldOnly:0
 |- ContainerInstances:
 |- [+] MainContainer:
 |   |-        ID: 00000000000000000000000000000000
 |   |-  ParentID: 00000000000000000000000000000000
 |   |-    Bounds: IsValid=false, Min=(X=0.000 Y=0.000 Z=0.000), Max=(X=0.000 Y=0.000 Z=0.000)
 |   |- Transform: 0.000000,0.000000,0.000000|0.000000,0.000000,-0.000000|1.000000,1.000000,1.000000
 |   |- Container: /Game/CollectionGame
----------------------------------------------------------------------------------------------------------------
CollectionGame - Persistent Level
----------------------------------------------------------------------------------------------------------------
[+] Content of CollectionGame Persistent Level
 |- Always loaded Actor Count: 29 
 |- Actor Path: /Game/CollectionGame.CollectionGame:PersistentLevel.BP_Collectible_C_UAID_106FD91CEFF6E82102_1502506175
 |- Actor Package: /Game/__ExternalActors__/CollectionGame/9/JJ/MYRQ8JJWN0QJ7MR97JN0DQ
 |- Actor Path: /Game/CollectionGame.CollectionGame:PersistentLevel.BP_Collectible_C_UAID_106FD91CEFF6E82102_1509420176
 |- Actor Package: /Game/__ExternalActors__/CollectionGame/9/VX/F0RPAXX79B78FYJ0WZ72DY
 |- Actor Path: /Game/CollectionGame.CollectionGame:PersistentLevel.BP_Collectible_C_UAID_106FD91CEFF6E82102_1513073177
 |- Actor Package: /Game/__ExternalActors__/CollectionGame/9/73/4M10HMJPQB3J1TZL1UQH5Y
 |- Actor Path: /Game/CollectionGame.CollectionGame:PersistentLevel.BP_Collectible_C_UAID_106FD91CEFF6E82102_1518712178
 |- Actor Package: /Game/__ExternalActors__/CollectionGame/C/2Z/3JB5J5UV35Y8655OO4WIQA
 |- Actor Path: /Game/CollectionGame.CollectionGame:PersistentLevel.BP_Collectible_C_UAID_106FD91CEFF6E82102_1530612179
 |- Actor Package: /Game/__ExternalActors__/CollectionGame/0/5T/XWA67EE4KN1Z49SZ9JCE7J
 |- Actor Path: /Game/CollectionGame.CollectionGame:PersistentLevel.BP_Collectible_C_UAID_106FD91CEFF6E82102_1536445180
 |- Actor Package: /Game/__ExternalActors__/CollectionGame/5/W2/OFPGOY9Q9G586EKOULF01X
 |- Actor Path: /Game/CollectionGame.CollectionGame:PersistentLevel.BP_Teleporter_C_UAID_106FD91CEFF6ED2102_1401093062
 |- Actor Package: /Game/__ExternalActors__/CollectionGame/6/9M/9XFQH4VZRB7FX6T0CKQSYB
 |- Actor Path: /Game/CollectionGame.CollectionGame:PersistentLevel.BP_Teleporter_C_UAID_106FD91CEFF6ED2102_1414664065
 |- Actor Package: /Game/__ExternalActors__/CollectionGame/E/5Q/E2HV8IYDYDUSQ2P3IV6RAA
 |- Actor Path: /Game/CollectionGame.CollectionGame:PersistentLevel.BP_Teleporter_C_UAID_106FD91CEFF6ED2102_1416748066
 |- Actor Package: /Game/__ExternalActors__/CollectionGame/3/94/ZKK0JCMLAUDZ025W90GV52
 |- Actor Path: /Game/CollectionGame.CollectionGame:PersistentLevel.BP_Teleporter_C_UAID_106FD91CEFF6ED2102_1419604067
 |- Actor Package: /Game/__ExternalActors__/CollectionGame/A/1O/5FJMZ801770ABS2TBK6Z08
 |- Actor Path: /Game/CollectionGame.CollectionGame:PersistentLevel.BP_Teleporter_C_UAID_106FD91CEFF6ED2102_1423383068
 |- Actor Package: /Game/__ExternalActors__/CollectionGame/0/C5/I9FL6HS9IJARNQ1O8POMT7
 |- Actor Path: /Game/CollectionGame.CollectionGame:PersistentLevel.BP_TimeOrb_C_UAID_106FD91CEFF6ED2102_1398010061
 |- Actor Package: /Game/__ExternalActors__/CollectionGame/E/X8/VYP022TM8M6IZEH5GYHAJ3
 |- Actor Path: /Game/CollectionGame.CollectionGame:PersistentLevel.BP_TimeOrb_C_UAID_106FD91CEFF6ED2102_1403397063
 |- Actor Package: /Game/__ExternalActors__/CollectionGame/A/J0/PEDLP49EXMWF64TZUI5YD7
 |- Actor Path: /Game/CollectionGame.CollectionGame:PersistentLevel.BP_TimeOrb_C_UAID_106FD91CEFF6ED2102_1410274064
 |- Actor Package: /Game/__ExternalActors__/CollectionGame/3/DD/5W4JTRP1DZ7BNP3SS4BMK6
 |- Actor Path: /Game/CollectionGame.CollectionGame:PersistentLevel.DirectionalLight_0
 |- Actor Package: /Game/__ExternalActors__/CollectionGame/3/8X/STVP13VUAAUFLNQNXGKTZG
 |- Actor Path: /Game/CollectionGame.CollectionGame:PersistentLevel.ExponentialHeightFog_0
 |- Actor Package: /Game/__ExternalActors__/CollectionGame/E/4T/3QCS2DDT4FRKWPY0FREX1J
 |- Actor Path: /Game/CollectionGame.CollectionGame:PersistentLevel.PlayerStart_0
 |- Actor Package: /Game/__ExternalActors__/CollectionGame/3/I9/RCALHO1Z376JK7STXVQ2U7
 |- Actor Path: /Game/CollectionGame.CollectionGame:PersistentLevel.PostProcessVolume_0
 |- Actor Package: /Game/__ExternalActors__/CollectionGame/3/R4/FBXJ00OOE7VORX0NGNC5P8
 |- Actor Path: /Game/CollectionGame.CollectionGame:PersistentLevel.SkyAtmosphere_0
 |- Actor Package: /Game/__ExternalActors__/CollectionGame/C/SB/OTKLOLMHGE9N3W350VE03P
 |- Actor Path: /Game/CollectionGame.CollectionGame:PersistentLevel.SkyLight_1
 |- Actor Package: /Game/__ExternalActors__/CollectionGame/7/A8/C1XG0J7UU3ALB4G8WUB0XJ
 |- Actor Path: /Game/CollectionGame.CollectionGame:PersistentLevel.StaticMeshActor_0
 |- Actor Package: /Game/__ExternalActors__/CollectionGame/0/61/DS0JDO26VP9OCVNIYHRJ3X
 |- Actor Path: /Game/CollectionGame.CollectionGame:PersistentLevel.StaticMeshActor_1
 |- Actor Package: /Game/__ExternalActors__/CollectionGame/B/TY/IMPHJW8NRGCO5Z15NQIB0D
 |- Actor Path: /Game/CollectionGame.CollectionGame:PersistentLevel.StaticMeshActor_4
 |- Actor Package: /Game/__ExternalActors__/CollectionGame/D/VV/1YOZQH6THC7HANO10J4Y73
 |- Actor Path: /Game/CollectionGame.CollectionGame:PersistentLevel.StaticMeshActor_5
 |- Actor Package: /Game/__ExternalActors__/CollectionGame/4/HP/UZEETZRCD6ZKG4LMUBCKI9
 |- Actor Path: /Game/CollectionGame.CollectionGame:PersistentLevel.StaticMeshActor_6
 |- Actor Package: /Game/__ExternalActors__/CollectionGame/9/XH/NX2HZPBVE9R7L4VEQANAH0
 |- Actor Path: /Game/CollectionGame.CollectionGame:PersistentLevel.StaticMeshActor_UAID_A4AE111137DC5EFB00_1110535423
 |- Actor Package: /Game/__ExternalActors__/CollectionGame/8/FJ/4LFUCK9T1IOL153OXL8878
 |- Actor Path: /Game/CollectionGame.CollectionGame:PersistentLevel.TextRenderActor_1
 |- Actor Package: /Game/__ExternalActors__/CollectionGame/E/AF/C9OAT2LY0NT29XLEXJ8KUF
 |- Actor Path: /Game/CollectionGame.CollectionGame:PersistentLevel.VolumetricCloud_0
 |- Actor Package: /Game/__ExternalActors__/CollectionGame/A/UP/LDIFVYHNHR3DQSJ4NV3APE
 |- Actor Path: /Game/CollectionGame.CollectionGame:PersistentLevel.WorldDataLayers
 |- Actor Package: /Game/__ExternalActors__/CollectionGame/7/RC/T8939U2121YAZWRGYCHNH5

----------------------------------------------------------------------------------------------------------------
CollectionGame - Runtime Hash Set
----------------------------------------------------------------------------------------------------------------

